{"/Users/twer/Documents/AutoTest/todoListApiTest/server.js":{"path":"/Users/twer/Documents/AutoTest/todoListApiTest/server.js","s":{"1":1,"2":1,"3":1,"4":1,"5":1,"6":1,"7":1,"8":1,"9":0,"10":1,"11":1,"12":1},"b":{"1":[1,1]},"f":{"1":0},"fnMap":{"1":{"name":"(anonymous_1)","line":17,"loc":{"start":{"line":17,"column":8},"end":{"line":17,"column":27}}}},"statementMap":{"1":{"start":{"line":1,"column":0},"end":{"line":6,"column":40}},"2":{"start":{"line":8,"column":0},"end":{"line":8,"column":34}},"3":{"start":{"line":9,"column":0},"end":{"line":9,"column":47}},"4":{"start":{"line":11,"column":0},"end":{"line":11,"column":51}},"5":{"start":{"line":12,"column":0},"end":{"line":12,"column":27}},"6":{"start":{"line":14,"column":0},"end":{"line":14,"column":52}},"7":{"start":{"line":15,"column":0},"end":{"line":15,"column":12}},"8":{"start":{"line":17,"column":0},"end":{"line":19,"column":3}},"9":{"start":{"line":18,"column":4},"end":{"line":18,"column":63}},"10":{"start":{"line":21,"column":0},"end":{"line":21,"column":17}},"11":{"start":{"line":23,"column":0},"end":{"line":23,"column":64}},"12":{"start":{"line":25,"column":0},"end":{"line":25,"column":21}}},"branchMap":{"1":{"line":3,"type":"binary-expr","locations":[{"start":{"line":3,"column":11},"end":{"line":3,"column":27}},{"start":{"line":3,"column":31},"end":{"line":3,"column":35}}]}}},"/Users/twer/Documents/AutoTest/todoListApiTest/api/models/todoListModel.js":{"path":"/Users/twer/Documents/AutoTest/todoListApiTest/api/models/todoListModel.js","s":{"1":1,"2":1,"3":1,"4":1},"b":{},"f":{},"fnMap":{},"statementMap":{"1":{"start":{"line":3,"column":0},"end":{"line":3,"column":35}},"2":{"start":{"line":4,"column":0},"end":{"line":4,"column":29}},"3":{"start":{"line":6,"column":0},"end":{"line":22,"column":3}},"4":{"start":{"line":24,"column":0},"end":{"line":24,"column":53}}},"branchMap":{}},"/Users/twer/Documents/AutoTest/todoListApiTest/api/routes/todoListRoutes.js":{"path":"/Users/twer/Documents/AutoTest/todoListApiTest/api/routes/todoListRoutes.js","s":{"1":1,"2":1,"3":1,"4":1},"b":{},"f":{"1":1},"fnMap":{"1":{"name":"(anonymous_1)","line":3,"loc":{"start":{"line":3,"column":17},"end":{"line":3,"column":31}}}},"statementMap":{"1":{"start":{"line":3,"column":0},"end":{"line":15,"column":2}},"2":{"start":{"line":4,"column":4},"end":{"line":4,"column":64}},"3":{"start":{"line":6,"column":4},"end":{"line":8,"column":38}},"4":{"start":{"line":11,"column":4},"end":{"line":14,"column":40}}},"branchMap":{}},"/Users/twer/Documents/AutoTest/todoListApiTest/api/controllers/todoListController.js":{"path":"/Users/twer/Documents/AutoTest/todoListApiTest/api/controllers/todoListController.js","s":{"1":1,"2":1,"3":1,"4":1,"5":0,"6":1,"7":1,"8":1,"9":1,"10":1,"11":0,"12":1,"13":1,"14":1,"15":1,"16":0,"17":1,"18":1,"19":1,"20":1,"21":0,"22":1,"23":1,"24":1,"25":1,"26":0,"27":1},"b":{"1":[0,1],"2":[0,1],"3":[0,1],"4":[0,1],"5":[0,1]},"f":{"1":1,"2":1,"3":1,"4":1,"5":1,"6":1,"7":1,"8":1,"9":1,"10":1},"fnMap":{"1":{"name":"(anonymous_1)","line":6,"loc":{"start":{"line":6,"column":25},"end":{"line":6,"column":45}}},"2":{"name":"(anonymous_2)","line":7,"loc":{"start":{"line":7,"column":18},"end":{"line":7,"column":39}}},"3":{"name":"(anonymous_3)","line":15,"loc":{"start":{"line":15,"column":24},"end":{"line":15,"column":44}}},"4":{"name":"(anonymous_4)","line":17,"loc":{"start":{"line":17,"column":18},"end":{"line":17,"column":39}}},"5":{"name":"(anonymous_5)","line":25,"loc":{"start":{"line":25,"column":22},"end":{"line":25,"column":42}}},"6":{"name":"(anonymous_6)","line":26,"loc":{"start":{"line":26,"column":37},"end":{"line":26,"column":58}}},"7":{"name":"(anonymous_7)","line":34,"loc":{"start":{"line":34,"column":24},"end":{"line":34,"column":44}}},"8":{"name":"(anonymous_8)","line":35,"loc":{"start":{"line":35,"column":75},"end":{"line":35,"column":96}}},"9":{"name":"(anonymous_9)","line":43,"loc":{"start":{"line":43,"column":24},"end":{"line":43,"column":44}}},"10":{"name":"(anonymous_10)","line":46,"loc":{"start":{"line":46,"column":7},"end":{"line":46,"column":28}}}},"statementMap":{"1":{"start":{"line":3,"column":0},"end":{"line":4,"column":35}},"2":{"start":{"line":6,"column":0},"end":{"line":12,"column":2}},"3":{"start":{"line":7,"column":4},"end":{"line":11,"column":7}},"4":{"start":{"line":8,"column":8},"end":{"line":9,"column":26}},"5":{"start":{"line":9,"column":12},"end":{"line":9,"column":26}},"6":{"start":{"line":10,"column":8},"end":{"line":10,"column":23}},"7":{"start":{"line":15,"column":0},"end":{"line":22,"column":2}},"8":{"start":{"line":16,"column":4},"end":{"line":16,"column":38}},"9":{"start":{"line":17,"column":4},"end":{"line":21,"column":7}},"10":{"start":{"line":18,"column":8},"end":{"line":19,"column":26}},"11":{"start":{"line":19,"column":12},"end":{"line":19,"column":26}},"12":{"start":{"line":20,"column":8},"end":{"line":20,"column":23}},"13":{"start":{"line":25,"column":0},"end":{"line":31,"column":2}},"14":{"start":{"line":26,"column":4},"end":{"line":30,"column":7}},"15":{"start":{"line":27,"column":8},"end":{"line":28,"column":26}},"16":{"start":{"line":28,"column":12},"end":{"line":28,"column":26}},"17":{"start":{"line":29,"column":8},"end":{"line":29,"column":23}},"18":{"start":{"line":34,"column":0},"end":{"line":40,"column":2}},"19":{"start":{"line":35,"column":4},"end":{"line":39,"column":7}},"20":{"start":{"line":36,"column":8},"end":{"line":37,"column":26}},"21":{"start":{"line":37,"column":12},"end":{"line":37,"column":26}},"22":{"start":{"line":38,"column":8},"end":{"line":38,"column":23}},"23":{"start":{"line":43,"column":0},"end":{"line":51,"column":2}},"24":{"start":{"line":44,"column":4},"end":{"line":50,"column":7}},"25":{"start":{"line":47,"column":8},"end":{"line":48,"column":26}},"26":{"start":{"line":48,"column":12},"end":{"line":48,"column":26}},"27":{"start":{"line":49,"column":8},"end":{"line":49,"column":57}}},"branchMap":{"1":{"line":8,"type":"if","locations":[{"start":{"line":8,"column":8},"end":{"line":8,"column":8}},{"start":{"line":8,"column":8},"end":{"line":8,"column":8}}]},"2":{"line":18,"type":"if","locations":[{"start":{"line":18,"column":8},"end":{"line":18,"column":8}},{"start":{"line":18,"column":8},"end":{"line":18,"column":8}}]},"3":{"line":27,"type":"if","locations":[{"start":{"line":27,"column":8},"end":{"line":27,"column":8}},{"start":{"line":27,"column":8},"end":{"line":27,"column":8}}]},"4":{"line":36,"type":"if","locations":[{"start":{"line":36,"column":8},"end":{"line":36,"column":8}},{"start":{"line":36,"column":8},"end":{"line":36,"column":8}}]},"5":{"line":47,"type":"if","locations":[{"start":{"line":47,"column":8},"end":{"line":47,"column":8}},{"start":{"line":47,"column":8},"end":{"line":47,"column":8}}]}}}}