TN:
SF:/Users/twer/Documents/AutoTest/todoListApiTest/server.js
FN:17,(anonymous_1)
FNF:1
FNH:0
FNDA:0,(anonymous_1)
DA:1,1
DA:8,1
DA:9,1
DA:11,1
DA:12,1
DA:14,1
DA:15,1
DA:17,1
DA:18,0
DA:21,1
DA:23,1
DA:25,1
LF:12
LH:11
BRDA:3,1,0,1
BRDA:3,1,1,1
BRF:2
BRH:2
end_of_record
TN:
SF:/Users/twer/Documents/AutoTest/todoListApiTest/api/models/todoListModel.js
FNF:0
FNH:0
DA:3,1
DA:4,1
DA:6,1
DA:24,1
LF:4
LH:4
BRF:0
BRH:0
end_of_record
TN:
SF:/Users/twer/Documents/AutoTest/todoListApiTest/api/routes/todoListRoutes.js
FN:3,(anonymous_1)
FNF:1
FNH:1
FNDA:1,(anonymous_1)
DA:3,1
DA:4,1
DA:6,1
DA:11,1
LF:4
LH:4
BRF:0
BRH:0
end_of_record
TN:
SF:/Users/twer/Documents/AutoTest/todoListApiTest/api/controllers/todoListController.js
FN:6,(anonymous_1)
FN:7,(anonymous_2)
FN:15,(anonymous_3)
FN:17,(anonymous_4)
FN:25,(anonymous_5)
FN:26,(anonymous_6)
FN:34,(anonymous_7)
FN:35,(anonymous_8)
FN:43,(anonymous_9)
FN:46,(anonymous_10)
FNF:10
FNH:6
FNDA:1,(anonymous_1)
FNDA:1,(anonymous_2)
FNDA:1,(anonymous_3)
FNDA:1,(anonymous_4)
FNDA:1,(anonymous_5)
FNDA:1,(anonymous_6)
FNDA:0,(anonymous_7)
FNDA:0,(anonymous_8)
FNDA:0,(anonymous_9)
FNDA:0,(anonymous_10)
DA:3,1
DA:6,1
DA:7,1
DA:8,1
DA:9,0
DA:10,1
DA:15,1
DA:16,1
DA:17,1
DA:18,1
DA:19,0
DA:20,1
DA:25,1
DA:26,1
DA:27,1
DA:28,0
DA:29,1
DA:34,1
DA:35,0
DA:36,0
DA:37,0
DA:38,0
DA:43,1
DA:44,0
DA:47,0
DA:48,0
DA:49,0
LF:27
LH:16
BRDA:8,1,0,0
BRDA:8,1,1,1
BRDA:18,2,0,0
BRDA:18,2,1,1
BRDA:27,3,0,0
BRDA:27,3,1,1
BRDA:36,4,0,0
BRDA:36,4,1,0
BRDA:47,5,0,0
BRDA:47,5,1,0
BRF:10
BRH:3
end_of_record
